<?xml version="1.0" encoding="UTF-8"?>
<!-- Generated by org.testng.reporters.JUnitXMLReporter -->
<testsuite ignored="0" hostname="DESKTOP-JS5K8EU" failures="0" tests="3" name="Default test" time="6.437" errors="0" timestamp="2023-11-15T15:31:54 IST">
  <testcase classname="com.sportyshoe.Tests.OrderpageTest" name="test_login" time="1.552"/>
  <testcase classname="com.sportyshoe.Tests.OrderpageTest" name="test_click_orders" time="0.174"/>
  <testcase classname="com.sportyshoe.Tests.OrderpageTest" name="test_getTitle_page" time="0.023"/>
</testsuite> <!-- Default test -->
