<?xml version="1.0" encoding="UTF-8"?>
<testng-results ignored="0" total="3" passed="3" failed="0" skipped="0">
  <reporter-output>
  </reporter-output>
  <suite started-at="2023-11-15T15:31:48 IST" name="Default suite" finished-at="2023-11-15T15:31:54 IST" duration-ms="6437">
    <groups>
    </groups>
    <test started-at="2023-11-15T15:31:48 IST" name="Default test" finished-at="2023-11-15T15:31:54 IST" duration-ms="6437">
      <class name="com.sportyshoe.Tests.OrderpageTest">
        <test-method is-config="true" signature="start_browser()[pri:0, instance:com.sportyshoe.Tests.OrderpageTest@231f98ef]" started-at="2023-11-15T15:31:48 IST" name="start_browser" finished-at="2023-11-15T15:31:52 IST" duration-ms="4572" status="PASS">
          <reporter-output>
          </reporter-output>
        </test-method> <!-- start_browser -->
        <test-method signature="test_login()[pri:49, instance:com.sportyshoe.Tests.OrderpageTest@231f98ef]" started-at="2023-11-15T15:31:53 IST" name="test_login" finished-at="2023-11-15T15:31:54 IST" duration-ms="1552" status="PASS">
          <reporter-output>
          </reporter-output>
        </test-method> <!-- test_login -->
        <test-method signature="test_click_orders()[pri:50, instance:com.sportyshoe.Tests.OrderpageTest@231f98ef]" started-at="2023-11-15T15:31:54 IST" name="test_click_orders" finished-at="2023-11-15T15:31:54 IST" duration-ms="174" status="PASS">
          <reporter-output>
          </reporter-output>
        </test-method> <!-- test_click_orders -->
        <test-method signature="test_getTitle_page()[pri:51, instance:com.sportyshoe.Tests.OrderpageTest@231f98ef]" started-at="2023-11-15T15:31:54 IST" name="test_getTitle_page" finished-at="2023-11-15T15:31:54 IST" duration-ms="23" status="PASS">
          <reporter-output>
          </reporter-output>
        </test-method> <!-- test_getTitle_page -->
      </class> <!-- com.sportyshoe.Tests.OrderpageTest -->
    </test> <!-- Default test -->
  </suite> <!-- Default suite -->
</testng-results>
